#
# A fatal error has been detected by the Java Runtime Environment:
#
#  EXCEPTION_ACCESS_VIOLATION (0xc0000005) at pc=0x00000000777a7b0b, pid=4044, tid=3784
#
# JRE version: Java(TM) SE Runtime Environment (7.0_51-b13) (build 1.7.0_51-b13)
# Java VM: Java HotSpot(TM) 64-Bit Server VM (24.51-b03 mixed mode windows-amd64 compressed oops)
# Problematic frame:
# C  [ntdll.dll+0x27b0b]
#
# Failed to write core dump. Minidumps are not enabled by default on client versions of Windows
#
# If you would like to submit a bug report, please visit:
#   http://bugreport.sun.com/bugreport/crash.jsp
# The crash happened outside the Java Virtual Machine in native code.
# See problematic frame for where to report the bug.
#

---------------  T H R E A D  ---------------

Current thread (0x000000000214d000):  JavaThread "Client thread" [_thread_in_native, id=3784, stack(0x0000000002270000,0x0000000002370000)]

siginfo: ExceptionCode=0xc0000005, reading address 0x000000001dded3a0

Registers:
RAX=0x0000000000000000, RBX=0x000000000236e210, RCX=0xffffffffffffffff, RDX=0x000000000236e210
RSP=0x000000000236e0f0, RBP=0x000000000236e1c8, RSI=0x000000000236e228, RDI=0x000000001dded3a0
R8 =0x000000000236e1c8, R9 =0x000000000236e228, R10=0x00000001186d2fb4, R11=0x000000000236e0b0
R12=0x0000000000000000, R13=0x00000000031fa5d4, R14=0x000000000236e478, R15=0x000000000236e590
RIP=0x00000000777a7b0b, EFLAGS=0x0000000000010246

Top of Stack: (sp=0x000000000236e0f0)
0x000000000236e0f0:   0000000000000800 0000000000000000
0x000000000236e100:   000000000236e140 000007fefd865111
0x000000000236e110:   0000000000000000 00000000715f9020
0x000000000236e120:   0000000000000000 726f746300000000
0x000000000236e130:   000000000236e110 000000001dded3a0
0x000000000236e140:   000000011dded3a0 0000000000000000
0x000000000236e150:   0000000000000800 00000000715f9b57
0x000000000236e160:   000000000236e1c8 0000000000000800
0x000000000236e170:   000000000236e500 0000000000000002
0x000000000236e180:   000007fefba90000 000000000236e210
0x000000000236e190:   0000000000000000 000007fefd8d0052
0x000000000236e1a0:   000000001dded3a0 000000000236e210
0x000000000236e1b0:   000000000236e1c8 000000000236e228
0x000000000236e1c0:   ffffffffffffffff 0000000000160014
0x000000000236e1d0:   00000001186d2fa0 000007fefd8435bb
0x000000000236e1e0:   000007fe00000000 000007fefd8434c0 

Instructions: (pc=0x00000000777a7b0b)
0x00000000777a7aeb:   45 33 e4 45 84 e4 0f 85 76 fd 04 00 48 85 ff 0f
0x00000000777a7afb:   84 bf c7 01 00 48 83 c9 ff 33 c0 48 89 7c 24 48
0x00000000777a7b0b:   66 f2 af 48 f7 d1 48 ff c9 48 81 f9 fe 7f 00 00
0x00000000777a7b1b:   0f 87 52 fd 04 00 48 8d 04 09 48 8d 54 24 40 66 


Register to memory mapping:

RAX=0x0000000000000000 is an unknown value
RBX=0x000000000236e210 is pointing into the stack for thread: 0x000000000214d000
RCX=0xffffffffffffffff is an unknown value
RDX=0x000000000236e210 is pointing into the stack for thread: 0x000000000214d000
RSP=0x000000000236e0f0 is pointing into the stack for thread: 0x000000000214d000
RBP=0x000000000236e1c8 is pointing into the stack for thread: 0x000000000214d000
RSI=0x000000000236e228 is pointing into the stack for thread: 0x000000000214d000
RDI=0x000000001dded3a0 is an unknown value
R8 =0x000000000236e1c8 is pointing into the stack for thread: 0x000000000214d000
R9 =0x000000000236e228 is pointing into the stack for thread: 0x000000000214d000
R10=0x00000001186d2fb4 is an unknown value
R11=0x000000000236e0b0 is pointing into the stack for thread: 0x000000000214d000
R12=0x0000000000000000 is an unknown value
R13=0x00000000031fa5d4 is at entry_point+1012 in (nmethod*)0x00000000031f9790
R14=0x000000000236e478 is pointing into the stack for thread: 0x000000000214d000
R15=0x000000000236e590 is pointing into the stack for thread: 0x000000000214d000


Stack: [0x0000000002270000,0x0000000002370000],  sp=0x000000000236e0f0,  free space=1016k
Native frames: (J=compiled Java code, j=interpreted, Vv=VM code, C=native code)
C  [ntdll.dll+0x27b0b]

Java frames: (J=compiled Java code, j=interpreted, Vv=VM code)
J  org.lwjgl.opengl.GL11.nglClear(IJ)V
J  net.minecraft.client.Minecraft.runGameLoop()V
J  net.minecraft.client.Minecraft.run()V
j  net.minecraft.client.main.Main.main([Ljava/lang/String;)V+998
v  ~StubRoutines::call_stub
j  sun.reflect.NativeMethodAccessorImpl.invoke0(Ljava/lang/reflect/Method;Ljava/lang/Object;[Ljava/lang/Object;)Ljava/lang/Object;+0
j  sun.reflect.NativeMethodAccessorImpl.invoke(Ljava/lang/Object;[Ljava/lang/Object;)Ljava/lang/Object;+87
j  sun.reflect.DelegatingMethodAccessorImpl.invoke(Ljava/lang/Object;[Ljava/lang/Object;)Ljava/lang/Object;+6
j  java.lang.reflect.Method.invoke(Ljava/lang/Object;[Ljava/lang/Object;)Ljava/lang/Object;+57
j  net.minecraft.launchwrapper.Launch.launch([Ljava/lang/String;)V+664
j  net.minecraft.launchwrapper.Launch.main([Ljava/lang/String;)V+8
j  net.minecraftforge.gradle.GradleStartCommon.launch([Ljava/lang/String;)V+97
j  GradleStart.main([Ljava/lang/String;)V+11
v  ~StubRoutines::call_stub

---------------  P R O C E S S  ---------------

Java Threads: ( => current thread )
  0x0000000014c8c000 JavaThread "Netty IO #3" daemon [_thread_in_native, id=8096, stack(0x0000000022500000,0x0000000022600000)]
  0x0000000014c8f000 JavaThread "Netty Client IO #1" daemon [_thread_in_native, id=2248, stack(0x0000000019230000,0x0000000019330000)]
  0x0000000014c8e800 JavaThread "Netty IO #2" daemon [_thread_in_native, id=4208, stack(0x0000000010600000,0x0000000010700000)]
  0x0000000014c8d800 JavaThread "Server thread" [_thread_blocked, id=4204, stack(0x0000000014210000,0x0000000014310000)]
  0x0000000014c8b800 JavaThread "Snooper Timer" daemon [_thread_blocked, id=5452, stack(0x00000000104a0000,0x00000000105a0000)]
  0x0000000014c8d000 JavaThread "File IO Thread" [_thread_blocked, id=6308, stack(0x0000000021e30000,0x0000000021f30000)]
  0x0000000014c8a800 JavaThread "Chunk I/O Executor Thread-1" daemon [_thread_blocked, id=5516, stack(0x0000000021110000,0x0000000021210000)]
  0x000000000e324000 JavaThread "Netty IO #1" daemon [_thread_in_native, id=1448, stack(0x0000000020bb0000,0x0000000020cb0000)]
  0x000000000e323000 JavaThread "Netty Client IO #0" daemon [_thread_in_native, id=7296, stack(0x0000000020e00000,0x0000000020f00000)]
  0x00000000147a5800 JavaThread "Netty IO #0" daemon [_thread_in_native, id=7104, stack(0x0000000020f00000,0x0000000021000000)]
  0x000000001eb68800 JavaThread "LWJGL Timer" daemon [_thread_blocked, id=7540, stack(0x000000001f760000,0x000000001f860000)]
  0x0000000016f0a800 JavaThread "Thread-11" [_thread_blocked, id=7904, stack(0x000000001f5f0000,0x000000001f6f0000)]
  0x000000001ba05000 JavaThread "Thread-10" [_thread_blocked, id=1320, stack(0x000000001d420000,0x000000001d520000)]
  0x000000000c916800 JavaThread "Timer hack thread" daemon [_thread_blocked, id=6092, stack(0x0000000013fa0000,0x00000000140a0000)]
  0x00000000152fc800 JavaThread "Snooper Timer" daemon [_thread_blocked, id=5408, stack(0x0000000015600000,0x0000000015700000)]
  0x000000000c6df800 JavaThread "AWT-Windows" daemon [_thread_in_native, id=7204, stack(0x000000000f050000,0x000000000f150000)]
  0x000000000c9ec000 JavaThread "Java2D Disposer" daemon [_thread_blocked, id=5532, stack(0x000000000eea0000,0x000000000efa0000)]
  0x000000000c441000 JavaThread "Service Thread" daemon [_thread_blocked, id=5308, stack(0x000000000cdc0000,0x000000000cec0000)]
  0x000000000b325800 JavaThread "C2 CompilerThread1" daemon [_thread_blocked, id=7900, stack(0x000000000b330000,0x000000000b430000)]
  0x000000000b2d0800 JavaThread "C2 CompilerThread0" daemon [_thread_blocked, id=8104, stack(0x000000000cbf0000,0x000000000ccf0000)]
  0x000000000b11a800 JavaThread "JDWP Command Reader" daemon [_thread_in_native, id=3712, stack(0x000000000c2d0000,0x000000000c3d0000)]
  0x000000000b117800 JavaThread "JDWP Event Helper Thread" daemon [_thread_blocked, id=5552, stack(0x000000000c0a0000,0x000000000c1a0000)]
  0x000000000b10a800 JavaThread "JDWP Transport Listener: dt_socket" daemon [_thread_blocked, id=2940, stack(0x000000000c1c0000,0x000000000c2c0000)]
  0x000000000b102000 JavaThread "Attach Listener" daemon [_thread_blocked, id=4812, stack(0x000000000b760000,0x000000000b860000)]
  0x000000000b0fc000 JavaThread "Signal Dispatcher" daemon [_thread_blocked, id=7516, stack(0x000000000bb10000,0x000000000bc10000)]
  0x000000000b0fb000 JavaThread "Surrogate Locker Thread (Concurrent GC)" daemon [_thread_blocked, id=8136, stack(0x000000000b9e0000,0x000000000bae0000)]
  0x000000000b0a8800 JavaThread "Finalizer" daemon [_thread_blocked, id=8080, stack(0x000000000b870000,0x000000000b970000)]
  0x000000000b0a0000 JavaThread "Reference Handler" daemon [_thread_blocked, id=4252, stack(0x000000000b620000,0x000000000b720000)]
=>0x000000000214d000 JavaThread "Client thread" [_thread_in_native, id=3784, stack(0x0000000002270000,0x0000000002370000)]

Other Threads:
  0x000000000b09d800 VMThread [stack: 0x000000000b480000,0x000000000b580000] [id=6524]
  0x000000000c46d000 WatcherThread [stack: 0x000000000cfb0000,0x000000000d0b0000] [id=588]

VM state:not at safepoint (normal execution)

VM Mutex/Monitor currently owned by a thread: None

Heap
 par new generation   total 314560K, used 69785K [0x00000000bae00000, 0x00000000d0350000, 0x00000000d0350000)
  eden space 279616K,  22% used [0x00000000bae00000, 0x00000000beba8510, 0x00000000cbf10000)
  from space 34944K,  19% used [0x00000000cbf10000, 0x00000000cc58e0d0, 0x00000000ce130000)
  to   space 34944K,   0% used [0x00000000ce130000, 0x00000000ce130000, 0x00000000d0350000)
 concurrent mark-sweep generation total 699072K, used 432759K [0x00000000d0350000, 0x00000000fae00000, 0x00000000fae00000)
 concurrent-mark-sweep perm gen total 83968K, used 51874K [0x00000000fae00000, 0x0000000100000000, 0x0000000100000000)

Card table byte_map: [0x0000000005fc0000,0x00000000061f0000] byte_map_base: 0x00000000059e9000

Polling page: 0x0000000001c20000

Code Cache  [0x0000000002510000, 0x0000000003310000, 0x0000000005510000)
 total_blobs=4641 nmethods=3817 adapters=782 free_code_cache=34988Kb largest_free_block=35674624

Compilation events (10 events):
Event: 1234.201 Thread 0x000000000b2d0800 4305             net.minecraft.enchantment.EnchantmentHelper::mapEnchantmentData (172 bytes)
Event: 1234.209 Thread 0x000000000b2d0800 nmethod 4305 0x00000000033059d0 code [0x0000000003305ba0, 0x0000000003306138]
Event: 1234.933 Thread 0x000000000b325800 4306             com.brandon3055.tolkientweaks.client.rendering.ItemRingRenderer::handleRenderType (2 bytes)
Event: 1234.934 Thread 0x000000000b325800 nmethod 4306 0x0000000002b4a290 code [0x0000000002b4a3c0, 0x0000000002b4a418]
Event: 1235.556 Thread 0x000000000b2d0800 4307             codechicken.nei.guihook.GuiContainerManager::getSlotMouseOver (37 bytes)
Event: 1235.569 Thread 0x000000000b2d0800 nmethod 4307 0x0000000003307110 code [0x00000000033072e0, 0x0000000003307c78]
Event: 1236.844 Thread 0x000000000b325800 4308             com.mojang.authlib.GameProfile::getName (5 bytes)
Event: 1236.845 Thread 0x000000000b325800 nmethod 4308 0x0000000002b47710 code [0x0000000002b47840, 0x0000000002b47898]
Event: 1237.396 Thread 0x000000000b2d0800 4309             net.minecraft.client.network.NetHandlerPlayClient::onNetworkTick (1 bytes)
Event: 1237.396 Thread 0x000000000b2d0800 nmethod 4309 0x0000000002b47490 code [0x0000000002b475c0, 0x0000000002b47618]

GC Heap History (10 events):
Event: 1193.393 GC heap before
{Heap before GC invocations=137 (full 22):
 par new generation   total 314560K, used 289475K [0x00000000bae00000, 0x00000000d0350000, 0x00000000d0350000)
  eden space 279616K, 100% used [0x00000000bae00000, 0x00000000cbf10000, 0x00000000cbf10000)
  from space 34944K,  28% used [0x00000000ce130000, 0x00000000cead0d00, 0x00000000d0350000)
  to   space 34944K,   0% used [0x00000000cbf10000, 0x00000000cbf10000, 0x00000000ce130000)
 concurrent mark-sweep generation total 699072K, used 429863K [0x00000000d0350000, 0x00000000fae00000, 0x00000000fae00000)
 concurrent-mark-sweep perm gen total 83968K, used 51856K [0x00000000fae00000, 0x0000000100000000, 0x0000000100000000)
Event: 1193.398 GC heap after
Heap after GC invocations=138 (full 22):
 par new generation   total 314560K, used 9633K [0x00000000bae00000, 0x00000000d0350000, 0x00000000d0350000)
  eden space 279616K,   0% used [0x00000000bae00000, 0x00000000bae00000, 0x00000000cbf10000)
  from space 34944K,  27% used [0x00000000cbf10000, 0x00000000cc878620, 0x00000000ce130000)
  to   space 34944K,   0% used [0x00000000ce130000, 0x00000000ce130000, 0x00000000d0350000)
 concurrent mark-sweep generation total 699072K, used 430016K [0x00000000d0350000, 0x00000000fae00000, 0x00000000fae00000)
 concurrent-mark-sweep perm gen total 83968K, used 51856K [0x00000000fae00000, 0x0000000100000000, 0x0000000100000000)
}
Event: 1204.245 GC heap before
{Heap before GC invocations=138 (full 22):
 par new generation   total 314560K, used 289249K [0x00000000bae00000, 0x00000000d0350000, 0x00000000d0350000)
  eden space 279616K, 100% used [0x00000000bae00000, 0x00000000cbf10000, 0x00000000cbf10000)
  from space 34944K,  27% used [0x00000000cbf10000, 0x00000000cc878620, 0x00000000ce130000)
  to   space 34944K,   0% used [0x00000000ce130000, 0x00000000ce130000, 0x00000000d0350000)
 concurrent mark-sweep generation total 699072K, used 430016K [0x00000000d0350000, 0x00000000fae00000, 0x00000000fae00000)
 concurrent-mark-sweep perm gen total 83968K, used 51857K [0x00000000fae00000, 0x0000000100000000, 0x0000000100000000)
Event: 1204.251 GC heap after
Heap after GC invocations=139 (full 22):
 par new generation   total 314560K, used 9502K [0x00000000bae00000, 0x00000000d0350000, 0x00000000d0350000)
  eden space 279616K,   0% used [0x00000000bae00000, 0x00000000bae00000, 0x00000000cbf10000)
  from space 34944K,  27% used [0x00000000ce130000, 0x00000000cea77b78, 0x00000000d0350000)
  to   space 34944K,   0% used [0x00000000cbf10000, 0x00000000cbf10000, 0x00000000ce130000)
 concurrent mark-sweep generation total 699072K, used 431162K [0x00000000d0350000, 0x00000000fae00000, 0x00000000fae00000)
 concurrent-mark-sweep perm gen total 83968K, used 51857K [0x00000000fae00000, 0x0000000100000000, 0x0000000100000000)
}
Event: 1215.296 GC heap before
{Heap before GC invocations=139 (full 22):
 par new generation   total 314560K, used 289118K [0x00000000bae00000, 0x00000000d0350000, 0x00000000d0350000)
  eden space 279616K, 100% used [0x00000000bae00000, 0x00000000cbf10000, 0x00000000cbf10000)
  from space 34944K,  27% used [0x00000000ce130000, 0x00000000cea77b78, 0x00000000d0350000)
  to   space 34944K,   0% used [0x00000000cbf10000, 0x00000000cbf10000, 0x00000000ce130000)
 concurrent mark-sweep generation total 699072K, used 431162K [0x00000000d0350000, 0x00000000fae00000, 0x00000000fae00000)
 concurrent-mark-sweep perm gen total 83968K, used 51863K [0x00000000fae00000, 0x0000000100000000, 0x0000000100000000)
Event: 1215.302 GC heap after
Heap after GC invocations=140 (full 22):
 par new generation   total 314560K, used 9712K [0x00000000bae00000, 0x00000000d0350000, 0x00000000d0350000)
  eden space 279616K,   0% used [0x00000000bae00000, 0x00000000bae00000, 0x00000000cbf10000)
  from space 34944K,  27% used [0x00000000cbf10000, 0x00000000cc88c160, 0x00000000ce130000)
  to   space 34944K,   0% used [0x00000000ce130000, 0x00000000ce130000, 0x00000000d0350000)
 concurrent mark-sweep generation total 699072K, used 431608K [0x00000000d0350000, 0x00000000fae00000, 0x00000000fae00000)
 concurrent-mark-sweep perm gen total 83968K, used 51863K [0x00000000fae00000, 0x0000000100000000, 0x0000000100000000)
}
Event: 1224.945 GC heap before
{Heap before GC invocations=140 (full 22):
 par new generation   total 314560K, used 289328K [0x00000000bae00000, 0x00000000d0350000, 0x00000000d0350000)
  eden space 279616K, 100% used [0x00000000bae00000, 0x00000000cbf10000, 0x00000000cbf10000)
  from space 34944K,  27% used [0x00000000cbf10000, 0x00000000cc88c160, 0x00000000ce130000)
  to   space 34944K,   0% used [0x00000000ce130000, 0x00000000ce130000, 0x00000000d0350000)
 concurrent mark-sweep generation total 699072K, used 431608K [0x00000000d0350000, 0x00000000fae00000, 0x00000000fae00000)
 concurrent-mark-sweep perm gen total 83968K, used 51863K [0x00000000fae00000, 0x0000000100000000, 0x0000000100000000)
Event: 1224.952 GC heap after
Heap after GC invocations=141 (full 22):
 par new generation   total 314560K, used 7792K [0x00000000bae00000, 0x00000000d0350000, 0x00000000d0350000)
  eden space 279616K,   0% used [0x00000000bae00000, 0x00000000bae00000, 0x00000000cbf10000)
  from space 34944K,  22% used [0x00000000ce130000, 0x00000000ce8cc248, 0x00000000d0350000)
  to   space 34944K,   0% used [0x00000000cbf10000, 0x00000000cbf10000, 0x00000000ce130000)
 concurrent mark-sweep generation total 699072K, used 432655K [0x00000000d0350000, 0x00000000fae00000, 0x00000000fae00000)
 concurrent-mark-sweep perm gen total 83968K, used 51863K [0x00000000fae00000, 0x0000000100000000, 0x0000000100000000)
}
Event: 1235.795 GC heap before
{Heap before GC invocations=141 (full 22):
 par new generation   total 314560K, used 287368K [0x00000000bae00000, 0x00000000d0350000, 0x00000000d0350000)
  eden space 279616K,  99% used [0x00000000bae00000, 0x00000000cbf05f78, 0x00000000cbf10000)
  from space 34944K,  22% used [0x00000000ce130000, 0x00000000ce8cc248, 0x00000000d0350000)
  to   space 34944K,   0% used [0x00000000cbf10000, 0x00000000cbf10000, 0x00000000ce130000)
 concurrent mark-sweep generation total 699072K, used 432655K [0x00000000d0350000, 0x00000000fae00000, 0x00000000fae00000)
 concurrent-mark-sweep perm gen total 83968K, used 51864K [0x00000000fae00000, 0x0000000100000000, 0x0000000100000000)
Event: 1235.799 GC heap after
Heap after GC invocations=142 (full 22):
 par new generation   total 314560K, used 6648K [0x00000000bae00000, 0x00000000d0350000, 0x00000000d0350000)
  eden space 279616K,   0% used [0x00000000bae00000, 0x00000000bae00000, 0x00000000cbf10000)
  from space 34944K,  19% used [0x00000000cbf10000, 0x00000000cc58e0d0, 0x00000000ce130000)
  to   space 34944K,   0% used [0x00000000ce130000, 0x00000000ce130000, 0x00000000d0350000)
 concurrent mark-sweep generation total 699072K, used 432759K [0x00000000d0350000, 0x00000000fae00000, 0x00000000fae00000)
 concurrent-mark-sweep perm gen total 83968K, used 51864K [0x00000000fae00000, 0x0000000100000000, 0x0000000100000000)
}

Deoptimization events (10 events):
Event: 1155.800 Thread 0x000000000214d000 Uncommon trap: reason=unreached action=reinterpret pc=0x0000000002f65e28 method=net.minecraft.item.ItemStack.isItemEnchanted()Z @ 4
Event: 1234.254 Thread 0x000000000214d000 Uncommon trap: reason=unreached action=reinterpret pc=0x0000000002fdaf0c method=net.minecraft.client.renderer.entity.RenderBiped.renderEquippedItems(Lnet/minecraft/entity/EntityLiving;F)V @ 526
Event: 1234.254 Thread 0x000000000214d000 Uncommon trap: reason=class_check action=maybe_recompile pc=0x000000000320d430 method=net.minecraft.client.renderer.ItemRenderer.renderItem(Lnet/minecraft/entity/EntityLivingBase;Lnet/minecraft/item/ItemStack;ILnet/minecraftforge/client/IItemRenderer$ItemR:KÃIì@
Event: 1234.254 Thread 0x000000000214d000 Uncommon trap: reason=class_check action=maybe_recompile pc=0x0000000002fe5310 method=net.minecraft.entity.EntityLivingBase.getItemIcon(Lnet/minecraft/item/ItemStack;I)Lnet/minecraft/util/IIcon; @ 4
Event: 1234.267 Thread 0x000000000214d000 Uncommon trap: reason=class_check action=maybe_recompile pc=0x000000000320d430 method=net.minecraft.client.renderer.ItemRenderer.renderItem(Lnet/minecraft/entity/EntityLivingBase;Lnet/minecraft/item/ItemStack;ILnet/minecraftforge/client/IItemRenderer$ItemRcVIì@
Event: 1234.267 Thread 0x000000000214d000 Uncommon trap: reason=class_check action=maybe_recompile pc=0x0000000002fe5310 method=net.minecraft.entity.EntityLivingBase.getItemIcon(Lnet/minecraft/item/ItemStack;I)Lnet/minecraft/util/IIcon; @ 4
Event: 1234.284 Thread 0x000000000214d000 Uncommon trap: reason=class_check action=maybe_recompile pc=0x000000000320d430 method=net.minecraft.client.renderer.ItemRenderer.renderItem(Lnet/minecraft/entity/EntityLivingBase;Lnet/minecraft/item/ItemStack;ILnet/minecraftforge/client/IItemRenderer$ItemR100824.j≤pñn Ê
Event: 1234.284 Thread 0x000000000214d000 Uncommon trap: reason=class_check action=maybe_recompile pc=0x0000000002fe5310 method=net.minecraft.entity.EntityLivingBase.getItemIcon(Lnet/minecraft/item/ItemStack;I)Lnet/minecraft/util/IIcon; @ 4
Event: 1234.303 Thread 0x000000000214d000 Uncommon trap: reason=class_check action=maybe_recompile pc=0x000000000320d430 method=net.minecraft.client.renderer.ItemRenderer.renderItem(Lnet/minecraft/entity/EntityLivingBase;Lnet/minecraft/item/ItemStack;ILnet/minecraftforge/client/IItemRenderer$ItemRp·‰»6Iì@
Event: 1234.304 Thread 0x000000000214d000 Uncommon trap: reason=class_check action=maybe_recompile pc=0x0000000002fe5310 method=net.minecraft.entity.EntityLivingBase.getItemIcon(Lnet/minecraft/item/ItemStack;I)Lnet/minecraft/util/IIcon; @ 4

Internal exceptions (10 events):
Event: 1237.763 Thread 0x000000001ba05000 Threw 0x00000000be054170 at C:\re\jdk7u51\527\hotspot\src\share\vm\prims\jvm.cpp:2965
Event: 1237.780 Thread 0x000000001ba05000 Threw 0x00000000be054330 at C:\re\jdk7u51\527\hotspot\src\share\vm\prims\jvm.cpp:2965
Event: 1237.800 Thread 0x000000001ba05000 Threw 0x00000000be0544f0 at C:\re\jdk7u51\527\hotspot\src\share\vm\prims\jvm.cpp:2965
Event: 1237.814 Thread 0x000000001ba05000 Threw 0x00000000be0546b0 at C:\re\jdk7u51\527\hotspot\src\share\vm\prims\jvm.cpp:2965
Event: 1237.829 Thread 0x000000001ba05000 Threw 0x00000000be054870 at C:\re\jdk7u51\527\hotspot\src\share\vm\prims\jvm.cpp:2965
Event: 1237.860 Thread 0x000000001ba05000 Threw 0x00000000be054a30 at C:\re\jdk7u51\527\hotspot\src\share\vm\prims\jvm.cpp:2965
Event: 1237.879 Thread 0x000000001ba05000 Threw 0x00000000be054bf0 at C:\re\jdk7u51\527\hotspot\src\share\vm\prims\jvm.cpp:2965
Event: 1237.901 Thread 0x000000001ba05000 Threw 0x00000000be054db0 at C:\re\jdk7u51\527\hotspot\src\share\vm\prims\jvm.cpp:2965
Event: 1237.955 Thread 0x000000001ba05000 Threw 0x00000000be054f70 at C:\re\jdk7u51\527\hotspot\src\share\vm\prims\jvm.cpp:2965
Event: 1237.955 Thread 0x000000001ba05000 Threw 0x00000000be055130 at C:\re\jdk7u51\527\hotspot\src\share\vm\prims\jvm.cpp:2917

Events (10 events):
Event: 1237.901 Thread 0x000000001ba05000 DEOPT PACKING pc=0x0000000002ee6a0c sp=0x000000001d51f0e0
Event: 1237.901 Thread 0x000000001ba05000 DEOPT UNPACKING pc=0x0000000002548eb9 sp=0x000000001d51edf8 mode 1
Event: 1237.917 Executing VM operation: RedefineClasses
Event: 1237.947 Executing VM operation: RedefineClasses done
Event: 1237.955 Thread 0x000000001ba05000 DEOPT PACKING pc=0x0000000002ee6a0c sp=0x000000001d51f0e0
Event: 1237.955 Thread 0x000000001ba05000 DEOPT UNPACKING pc=0x0000000002548eb9 sp=0x000000001d51edf8 mode 1
Event: 1237.955 Thread 0x000000001ba05000 DEOPT PACKING pc=0x0000000002ee6a0c sp=0x000000001d51f0e0
Event: 1237.955 Thread 0x000000001ba05000 DEOPT UNPACKING pc=0x0000000002548eb9 sp=0x000000001d51edf8 mode 1
Event: 1237.987 Executing VM operation: ForceSafepoint
Event: 1237.988 Executing VM operation: ForceSafepoint done


Dynamic libraries:
0x000000013f9b0000 - 0x000000013f9e3000 	C:\Program Files\Java\jdk1.7.0_51\bin\java.exe
0x0000000077780000 - 0x0000000077929000 	C:\Windows\SYSTEM32\ntdll.dll
0x0000000077560000 - 0x000000007767f000 	C:\Windows\system32\kernel32.dll
0x000007fefd840000 - 0x000007fefd8ac000 	C:\Windows\system32\KERNELBASE.dll
0x000007fefde30000 - 0x000007fefdf0b000 	C:\Windows\system32\ADVAPI32.dll
0x000007feff040000 - 0x000007feff0df000 	C:\Windows\system32\msvcrt.dll
0x000007feffa70000 - 0x000007feffa8f000 	C:\Windows\SYSTEM32\sechost.dll
0x000007feff730000 - 0x000007feff85d000 	C:\Windows\system32\RPCRT4.dll
0x0000000077680000 - 0x000000007777a000 	C:\Windows\system32\USER32.dll
0x000007fefee40000 - 0x000007fefeea7000 	C:\Windows\system32\GDI32.dll
0x000007fefd980000 - 0x000007fefd98e000 	C:\Windows\system32\LPK.dll
0x000007fefdd60000 - 0x000007fefde29000 	C:\Windows\system32\USP10.dll
0x000007fefc0a0000 - 0x000007fefc294000 	C:\Windows\WinSxS\amd64_microsoft.windows.common-controls_6595b64144ccf1df_6.0.7601.17514_none_fa396087175ac9ac\COMCTL32.dll
0x000007fefd900000 - 0x000007fefd971000 	C:\Windows\system32\SHLWAPI.dll
0x000007feff4b0000 - 0x000007feff4de000 	C:\Windows\system32\IMM32.DLL
0x000007fefeeb0000 - 0x000007fefefb9000 	C:\Windows\system32\MSCTF.dll
0x00000000715f0000 - 0x0000000071639000 	C:\Program Files\Cucusoft\NetGuard\BandwidthGuard64.dll
0x000007feff0e0000 - 0x000007feff12d000 	C:\Windows\system32\WS2_32.dll
0x000007feff130000 - 0x000007feff138000 	C:\Windows\system32\NSI.dll
0x000007fefdf10000 - 0x000007fefec98000 	C:\Windows\system32\SHELL32.dll
0x000007feff860000 - 0x000007feffa63000 	C:\Windows\system32\ole32.dll
0x0000000058e40000 - 0x0000000058f12000 	C:\Program Files\Java\jdk1.7.0_51\jre\bin\msvcr100.dll
0x0000000069120000 - 0x00000000698e9000 	C:\Program Files\Java\jdk1.7.0_51\jre\bin\server\jvm.dll
0x000007feebcf0000 - 0x000007feebcf9000 	C:\Windows\system32\WSOCK32.dll
0x000007fefb070000 - 0x000007fefb0ab000 	C:\Windows\system32\WINMM.dll
0x0000000077940000 - 0x0000000077947000 	C:\Windows\system32\PSAPI.DLL
0x0000000073f90000 - 0x0000000073f9f000 	C:\Program Files\Java\jdk1.7.0_51\jre\bin\verify.dll
0x00000000684e0000 - 0x0000000068508000 	C:\Program Files\Java\jdk1.7.0_51\jre\bin\java.dll
0x000000005cc70000 - 0x000000005cca5000 	C:\Program Files\Java\jdk1.7.0_51\jre\bin\jdwp.dll
0x000000005d840000 - 0x000000005d848000 	C:\Program Files\Java\jdk1.7.0_51\jre\bin\npt.dll
0x0000000059f80000 - 0x0000000059fa3000 	C:\Program Files\Java\jdk1.7.0_51\jre\bin\instrument.dll
0x00000000684c0000 - 0x00000000684d5000 	C:\Program Files\Java\jdk1.7.0_51\jre\bin\zip.dll
0x000000005d830000 - 0x000000005d839000 	C:\Program Files\Java\jdk1.7.0_51\jre\bin\dt_socket.dll
0x000007fefcd20000 - 0x000007fefcd75000 	C:\Windows\system32\mswsock.dll
0x000007fefc6b0000 - 0x000007fefc6b7000 	C:\Windows\System32\wshtcpip.dll
0x000000005a8e0000 - 0x000000005a8eb000 	C:\Program Files\Java\jdk1.7.0_51\jre\bin\management.dll
0x000000005c460000 - 0x000000005c479000 	C:\Program Files\Java\jdk1.7.0_51\jre\bin\net.dll
0x000007fefcd10000 - 0x000007fefcd17000 	C:\Windows\System32\wship6.dll
0x000000005c430000 - 0x000000005c441000 	C:\Program Files\Java\jdk1.7.0_51\jre\bin\nio.dll
0x000007fefb0c0000 - 0x000007fefb0d5000 	C:\Windows\system32\NLAapi.dll
0x000007feebd30000 - 0x000007feebd45000 	C:\Windows\system32\napinsp.dll
0x000007feebd10000 - 0x000007feebd29000 	C:\Windows\system32\pnrpnsp.dll
0x000007fefcba0000 - 0x000007fefcbfb000 	C:\Windows\system32\DNSAPI.dll
0x000007feebd00000 - 0x000007feebd0b000 	C:\Windows\System32\winrnr.dll
0x000007fefa040000 - 0x000007fefa06f000 	C:\Program Files\Common Files\Microsoft Shared\Windows Live\WLIDNSP.DLL
0x000007fefae80000 - 0x000007fefaea7000 	C:\Windows\system32\IPHLPAPI.DLL
0x000007fefaeb0000 - 0x000007fefaebb000 	C:\Windows\system32\WINNSI.DLL
0x000007fef9f70000 - 0x000007fef9f78000 	C:\Windows\system32\rasadhlp.dll
0x000007fefac90000 - 0x000007feface3000 	C:\Windows\System32\fwpuclnt.dll
0x000000005d590000 - 0x000000005d725000 	C:\Program Files\Java\jdk1.7.0_51\jre\bin\awt.dll
0x000007fefed60000 - 0x000007fefee37000 	C:\Windows\system32\OLEAUT32.dll
0x000007fefbec0000 - 0x000007fefbf16000 	C:\Windows\system32\uxtheme.dll
0x000007fee6e10000 - 0x000007fee6e35000 	C:\Program Files (x86)\Raptr\ltc_help64-90652.dll
0x000007fefd800000 - 0x000007fefd83a000 	C:\Windows\system32\WINTRUST.dll
0x000007fefd5b0000 - 0x000007fefd71c000 	C:\Windows\system32\CRYPT32.dll
0x000007fefd550000 - 0x000007fefd55f000 	C:\Windows\system32\MSASN1.dll
0x000007fefba90000 - 0x000007fefbaa8000 	C:\Windows\system32\dwmapi.dll
0x000007fefd3e0000 - 0x000007fefd3ef000 	C:\Windows\system32\CRYPTBASE.dll
0x000000005c3c0000 - 0x000000005c407000 	C:\Program Files\Java\jdk1.7.0_51\jre\bin\fontmanager.dll
0x000007fee28a0000 - 0x000007fee2a9f000 	C:\Windows\system32\d3d9.dll
0x000007fefc5e0000 - 0x000007fefc5ec000 	C:\Windows\system32\VERSION.dll
0x000007fee2890000 - 0x000007fee2897000 	C:\Windows\system32\d3d8thk.dll
0x000007fef8e70000 - 0x000007fef8fbc000 	C:\Windows\system32\aticfx64.dll
0x000007fee2830000 - 0x000007fee2851000 	C:\Windows\system32\atiu9p64.dll
0x000007fee2030000 - 0x000007fee2826000 	C:\Windows\system32\atiumd64.dll
0x0000000056fa0000 - 0x00000000577a8000 	C:\Windows\system32\atiumd6a.dll
0x000007fefc590000 - 0x000007fefc5bc000 	C:\Windows\system32\POWRPROF.dll
0x000007fefdb80000 - 0x000007fefdd57000 	C:\Windows\system32\SETUPAPI.dll
0x0000000005510000 - 0x0000000005546000 	C:\Windows\system32\CFGMGR32.dll
0x000007fefd7e0000 - 0x000007fefd7fa000 	C:\Windows\system32\DEVOBJ.dll
0x0000000059fd0000 - 0x000000005a011000 	C:\Program Files\Java\jdk1.7.0_51\jre\bin\t2k.dll
0x0000000180000000 - 0x0000000180051000 	C:\Users\Brandon\.gradle\caches\minecraft\net\minecraft\minecraft_natives\1.7.10\lwjgl64.dll
0x000007fedf1a0000 - 0x000007fedf2bd000 	C:\Windows\system32\OPENGL32.dll
0x000007feea0d0000 - 0x000007feea0fd000 	C:\Windows\system32\GLU32.dll
0x000007fee6e50000 - 0x000007fee6f41000 	C:\Windows\system32\DDRAW.dll
0x000007fee6e40000 - 0x000007fee6e48000 	C:\Windows\system32\DCIMAN32.dll
0x0000000005660000 - 0x0000000005677000 	C:\Windows\system32\CRYPTSP.dll
0x000007fefca80000 - 0x000007fefcac7000 	C:\Windows\system32\rsaenh.dll
0x000007fefd590000 - 0x000007fefd5ae000 	C:\Windows\system32\USERENV.dll
0x000007fefd540000 - 0x000007fefd54f000 	C:\Windows\system32\profapi.dll
0x000007fefa070000 - 0x000007fefa088000 	C:\Windows\system32\atig6pxx.dll
0x0000000050490000 - 0x000000005203e000 	C:\Windows\system32\atio6axx.dll
0x000007fee8160000 - 0x000007fee8298000 	C:\Windows\system32\atiadlxx.dll
0x000007fefbf20000 - 0x000007fefc04c000 	C:\Windows\system32\PROPSYS.dll
0x000007fefc5c0000 - 0x000007fefc5d1000 	C:\Windows\system32\WTSAPI32.dll
0x000007feea0a0000 - 0x000007feea0c9000 	C:\Windows\system32\atig6txx.dll
0x000007fee1f00000 - 0x000007fee1f9c000 	C:\Windows\system32\mscms.dll
0x000007fee1e60000 - 0x000007fee1ea2000 	C:\Windows\system32\icm32.dll
0x0000000070a40000 - 0x0000000070adc000 	C:\Users\Brandon\.gradle\caches\minecraft\net\minecraft\minecraft_natives\1.7.10\avutil-ttv-51.dll
0x0000000065980000 - 0x00000000659d6000 	C:\Users\Brandon\.gradle\caches\minecraft\net\minecraft\minecraft_natives\1.7.10\swresample-ttv-0.dll
0x000000006eb80000 - 0x000000006ec50000 	C:\Users\Brandon\.gradle\caches\minecraft\net\minecraft\minecraft_natives\1.7.10\libmp3lame-ttv.dll
0x000007fedbd00000 - 0x000007fedd0a4000 	C:\Users\Brandon\.gradle\caches\minecraft\net\minecraft\minecraft_natives\1.7.10\libmfxsw64.dll
0x000007fee0f50000 - 0x000007fee107b000 	C:\Users\Brandon\.gradle\caches\minecraft\net\minecraft\minecraft_natives\1.7.10\twitchsdk.dll
0x000007feff4e0000 - 0x000007feff728000 	C:\Windows\system32\WININET.dll
0x000007fefd580000 - 0x000007fefd584000 	C:\Windows\system32\api-ms-win-downlevel-user32-l1-1-0.dll
0x000007fefd7d0000 - 0x000007fefd7d4000 	C:\Windows\system32\api-ms-win-downlevel-shlwapi-l1-1-0.dll
0x000007fefd720000 - 0x000007fefd724000 	C:\Windows\system32\api-ms-win-downlevel-version-l1-1-0.dll
0x000007fefd570000 - 0x000007fefd573000 	C:\Windows\system32\api-ms-win-downlevel-normaliz-l1-1-0.dll
0x0000000077950000 - 0x0000000077953000 	C:\Windows\system32\normaliz.DLL
0x0000000019380000 - 0x0000000019647000 	C:\Windows\system32\iertutil.dll
0x000007fefd8f0000 - 0x000007fefd8f5000 	C:\Windows\system32\api-ms-win-downlevel-advapi32-l1-1-0.dll
0x0000000005ad0000 - 0x0000000005b34000 	C:\Users\Brandon\.gradle\caches\minecraft\net\minecraft\minecraft_natives\1.7.10\OpenAL64.dll
0x000007feff410000 - 0x000007feff4a9000 	C:\Windows\system32\CLBCatQ.DLL
0x000007fefbab0000 - 0x000007fefbafb000 	C:\Windows\System32\MMDevApi.dll
0x000007fef6560000 - 0x000007fef65e8000 	C:\Windows\system32\dsound.dll
0x000007fefa9e0000 - 0x000007fefaa2f000 	C:\Windows\system32\AUDIOSES.DLL
0x000007fef6ba0000 - 0x000007fef6bb3000 	C:\Program Files\Windows Journal\NBMapTIP.dll
0x000007fef6a50000 - 0x000007fef6ba0000 	C:\Windows\system32\MFC42u.dll
0x000007fef6990000 - 0x000007fef6a41000 	C:\Windows\system32\ODBC32.dll
0x0000000070820000 - 0x0000000070858000 	C:\Windows\system32\odbcint.dll
0x000007fef6910000 - 0x000007fef698f000 	C:\Program Files\Common Files\microsoft shared\ink\tiptsf.dll
0x000007fefd490000 - 0x000007fefd4a4000 	C:\Windows\system32\RpcRtRemote.dll
0x0000000059f50000 - 0x0000000059f74000 	C:\Program Files\Java\jdk1.7.0_51\jre\bin\sunec.dll
0x000000005c0e0000 - 0x000000005c0eb000 	C:\Program Files\Java\jdk1.7.0_51\jre\bin\sunmscapi.dll
0x000007fee63d0000 - 0x000007fee64f5000 	C:\Windows\system32\dbghelp.dll

VM Arguments:
jvm_args: -agentlib:jdwp=transport=dt_socket,address=127.0.0.1:51683,suspend=y,server=n -Xincgc -Xmx1024M -Xms1024M -javaagent:C:\Users\Brandon\.IdeaIC14\system\groovyHotSwap\gragent.jar -Dfile.encoding=UTF-8 
java_command: GradleStart
Launcher Type: SUN_STANDARD

Environment Variables:
JAVA_HOME=C:\Program Files\Java\jdk1.7.0_51
CLASSPATH=.;c:\Program Files (x86)\Java\jre7\lib\ext\QTJava.zip
PATH=C:\Program Files\Common Files\Microsoft Shared\Windows Live;C:\Program Files (x86)\Common Files\Microsoft Shared\Windows Live;C:\Program Files (x86)\AMD APP\bin\x86_64;C:\Program Files (x86)\AMD APP\bin\x86;C:\Windows\system32;C:\Windows;C:\Windows\System32\Wbem;C:\Windows\System32\WindowsPowerShell\v1.0\;C:\Program Files (x86)\ATI Technologies\ATI.ACE\Core-Static;C:\Program Files (x86)\Windows Live\Shared;C:\Program Files\Java\jdk1.7.0_51\bin;C:\Program Files\gradle\bin;C:\Program Files (x86)\Common Files\Adobe\AGL;C:\Program Files (x86)\Git\cmd;c:\Program Files (x86)\QuickTime\QTSystem\;C:\Program Files (x86)\AMD\ATI.ACE\Core-Static
USERNAME=Brandon
OS=Windows_NT
PROCESSOR_IDENTIFIER=AMD64 Family 21 Model 2 Stepping 0, AuthenticAMD



---------------  S Y S T E M  ---------------

OS: Windows 7 , 64 bit Build 7601 Service Pack 1

CPU:total 8 (8 cores per cpu, 1 threads per core) family 21 model 2 stepping 0, cmov, cx8, fxsr, mmx, sse, sse2, sse3, ssse3, sse4.1, sse4.2, popcnt, avx, aes, mmxext, 3dnowpref, lzcnt, sse4a, tsc, tscinvbit, tscinv

Memory: 4k page, physical 8352384k(960632k free), swap 16702904k(5255184k free)

vm_info: Java HotSpot(TM) 64-Bit Server VM (24.51-b03) for windows-amd64 JRE (1.7.0_51-b13), built on Dec 18 2013 18:40:56 by "java_re" with unknown MS VC++:1600

time: Tue Jan 13 17:54:30 2015
elapsed time: 1238 seconds

