[01:21:05] [Server thread/INFO]: Starting minecraft server version 1.7.10
[01:21:22] [Server thread/INFO]: Loading properties
[01:21:22] [Server thread/INFO]: You need to agree to the EULA in order to run the server. Go to eula.txt for more info.
[01:26:25] [Server thread/INFO]: Starting minecraft server version 1.7.10
[01:26:47] [Server thread/INFO]: Loading properties
[01:26:47] [Server thread/INFO]: Default game type: SURVIVAL
[01:26:47] [Server thread/INFO]: Generating keypair
[01:26:48] [Server thread/INFO]: Starting Minecraft server on *:25565
[01:26:53] [Server thread/WARN]: Failed to load user banlist: 
java.io.FileNotFoundException: banned-players.json (The system cannot find the file specified)
	at java.io.FileInputStream.open(Native Method) ~[?:1.7.0_51]
	at java.io.FileInputStream.<init>(FileInputStream.java:146) ~[?:1.7.0_51]
	at com.google.common.io.Files.newReader(Files.java:86) ~[guava-17.0.jar:?]
	at net.minecraft.server.management.UserList.func_152679_g(UserList.java:195) ~[UserList.class:?]
	at net.minecraft.server.dedicated.DedicatedPlayerList.func_152620_y(DedicatedPlayerList.java:124) [DedicatedPlayerList.class:?]
	at net.minecraft.server.dedicated.DedicatedPlayerList.<init>(DedicatedPlayerList.java:31) [DedicatedPlayerList.class:?]
	at net.minecraft.server.dedicated.DedicatedServer.startServer(DedicatedServer.java:214) [DedicatedServer.class:?]
	at net.minecraft.server.MinecraftServer.run(MinecraftServer.java:445) [MinecraftServer.class:?]
	at net.minecraft.server.MinecraftServer$2.run(MinecraftServer.java:752) [MinecraftServer$2.class:?]
[01:26:53] [Server thread/WARN]: Failed to load ip banlist: 
java.io.FileNotFoundException: banned-ips.json (The system cannot find the file specified)
	at java.io.FileInputStream.open(Native Method) ~[?:1.7.0_51]
	at java.io.FileInputStream.<init>(FileInputStream.java:146) ~[?:1.7.0_51]
	at com.google.common.io.Files.newReader(Files.java:86) ~[guava-17.0.jar:?]
	at net.minecraft.server.management.UserList.func_152679_g(UserList.java:195) ~[UserList.class:?]
	at net.minecraft.server.dedicated.DedicatedPlayerList.func_152619_x(DedicatedPlayerList.java:112) [DedicatedPlayerList.class:?]
	at net.minecraft.server.dedicated.DedicatedPlayerList.<init>(DedicatedPlayerList.java:33) [DedicatedPlayerList.class:?]
	at net.minecraft.server.dedicated.DedicatedServer.startServer(DedicatedServer.java:214) [DedicatedServer.class:?]
	at net.minecraft.server.MinecraftServer.run(MinecraftServer.java:445) [MinecraftServer.class:?]
	at net.minecraft.server.MinecraftServer$2.run(MinecraftServer.java:752) [MinecraftServer$2.class:?]
[01:26:53] [Server thread/WARN]: Failed to load operators list: 
java.io.FileNotFoundException: ops.json (The system cannot find the file specified)
[01:27:12] [Client thread/INFO]: Reloading ResourceManager: Default, FMLFileResourcePack:Forge Mod Loader, FMLFileResourcePack:Minecraft Forge, FMLFileResourcePack:Not Enough Items, FMLFileResourcePack:TolkienTweaks, FMLFileResourcePack:The Lord of the Rings Mod
[01:27:12] [Client thread/ERROR]: Using missing texture, unable to load missing_icon_item_4505_tolkientweaks:textures/items/ring.png
java.io.FileNotFoundException: missing_icon_item_4505_tolkientweaks:textures/items/ring.png
	at net.minecraft.client.resources.SimpleReloadableResourceManager.getResource(SimpleReloadableResourceManager.java:71) ~[SimpleReloadableResourceManager.class:?]
	at net.minecraft.client.renderer.texture.TextureMap.loadTextureAtlas(TextureMap.java:126) [TextureMap.class:?]
	at net.minecraft.client.renderer.texture.TextureMap.loadTexture(TextureMap.java:91) [TextureMap.class:?]
	at net.minecraft.client.renderer.texture.TextureManager.loadTexture(TextureManager.java:89) [TextureManager.class:?]
	at net.minecraft.client.renderer.texture.TextureManager.onResourceManagerReload(TextureManager.java:170) [TextureManager.class:?]
	at net.minecraft.client.resources.SimpleReloadableResourceManager.notifyReloadListeners(SimpleReloadableResourceManager.java:134) [SimpleReloadableResourceManager.class:?]
	at net.minecraft.client.resources.SimpleReloadableResourceManager.reloadResources(SimpleReloadableResourceManager.java:118) [SimpleReloadableResourceManager.class:?]
	at net.minecraft.client.Minecraft.refreshResources(Minecraft.java:643) [Minecraft.class:?]
	at cpw.mods.fml.client.FMLClientHandler.finishMinecraftLoading(FMLClientHandler.java:303) [FMLClientHandler.class:?]
	at net.minecraft.client.Minecraft.startGame(Minecraft.java:586) [Minecraft.class:?]
	at net.minecraft.client.Minecraft.run(Minecraft.java:931) [Minecraft.class:?]
	at net.minecraft.client.main.Main.main(Main.java:164) [Main.class:?]
	at sun.reflect.NativeMethodAccessorImpl.invoke0(Native Method) ~[?:1.7.0_51]
	at sun.reflect.NativeMethodAccessorImpl.invoke(NativeMethodAccessorImpl.java:57) ~[?:1.7.0_51]
	at sun.reflect.DelegatingMethodAccessorImpl.invoke(DelegatingMethodAccessorImpl.java:43) ~[?:1.7.0_51]
	at java.lang.reflect.Method.invoke(Method.java:606) ~[?:1.7.0_51]
	at net.minecraft.launchwrapper.Launch.launch(Launch.java:135) [launchwrapper-1.11.jar:?]
	at net.minecraft.launchwrapper.Launch.main(Launch.java:28) [launchwrapper-1.11.jar:?]
	at net.minecraftforge.gradle.GradleStartCommon.launch(GradleStartCommon.java:78) [start/:?]
	at GradleStart.main(GradleStart.java:45) [start/:?]
[01:27:12] [Client thread/INFO]: Created: 512x512[01:27:12] [Server thre[01:27:13] [Client thread/INFO]: Crea[01:27:13] [Server thread/INFO]: Pre[01:27:13] [Sound Librar[01:27:14] [Server thread/INFO]: Prepa[01:27:41] [Client thread/INFO]: Connecting to , 25565
reparing spawn area: 30%
[01:27:16] [Server thread/INFO]: Preparing spawn area: 35%
[01:27:17] [Server thread/INFO]: Preparing spawn area: 37%
[01:27:18] [Server thread/INFO]: Preparing spawn area: 40%
[01:27:19] [Server thread/INFO]: Preparing spawn area: 43%
[01:27:20] [Server thread/INFO]: Preparing spawn area: 45%
[01:27:21] [Server thread/INFO]: Preparing spawn area: 47%
[01:27:22] [Server thread/INFO]: Preparing spawn area: 50%
[01:27:23] [Server thread/INFO]: Preparing spawn area: 53%
[01:27:24] [Server thread/INFO]: Preparing spawn area: 56%
[01:27:25] [Server thread/INFO]: Preparing spawn area: 58%
[01:27:26] [Server thread/INFO]: Preparing spawn area: 61%
[01:27:27] [Server thread/INFO]: Preparing spawn area: 63%
[01:27:28] [Server thread/INFO]: Preparing spawn area: 65%
[01:27:29] [Server thread/INFO]: Preparing spawn area: 67%
[01:27:30] [Server thread/INFO]: Preparing spawn area: 74%
[01:27:32] [Server thread/INFO]: Preparing spawn area: 78%
[01:27:33] [Server thread/INFO]: Preparing spawn area: 87%
[01:27:35] [Server thread/INFO]: Preparing spawn area: 93%
[01:27:36] [Server thread/INFO]: Done (42.234s)! For help, type "help" or "?"
[01:27:48] [Server thread/INFO]: com.mojang.authlib.GameProfile@57222f41[id=<null>,name=Player831,properties={},legacy=false] (/127.0.0.1:50264) lost connection: Disconnected
