[07:39:48] [main/INFO]: Setting user: brandon3055
[07:39:51] [Client thread/INFO]: LWJGL Version: 2.9.1
[07:40:03] [Client thread/INFO]: Reloading ResourceManager: Default, FMLFileResourcePack:Forge Mod Loader, FMLFileResourcePack:Minecraft Forge, FMLFileResourcePack:Not Enough Items, FMLFileResourcePack:TolkienTweaks, FMLFileResourcePack:Railcraft, FMLFileResourcePack:The Lord of the Rings Mod, FMLFileResourcePack:Draconic Evolution
[07:40:12] [Sound Library Loader/INFO]: Sound engine started
[07:40:17] [Client thread/INFO]: Created: 1024x1024 textures/blocks-atlas
[07:40:17] [Client thread/INFO]: Created: 1024x512 textures/items-atlas
[07:40:37] [Client thread/INFO]: Reloading ResourceManager: Default, FMLFileResourcePack:Forge Mod Loader, FMLFileResourcePack:Minecraft Forge, FMLFileResourcePack:Not Enough Items, FMLFileResourcePack:TolkienTweaks, FMLFileResourcePack:Railcraft, FMLFileResourcePack:The Lord of the Rings Mod, FMLFileResourcePack:Draconic Evolution
[07:40:38] [Client thread/INFO]: Created: 1024x512 textures/items-atlas
[07:40:39] [Client thread/INFO]: Created: 1024x1024 textures/blocks-atlas
[07:40:40] [Sound Library Loader/INFO]: Sound engine started
[07:40:47] [Server thread/INFO]: Starting integrated minecraft server version 1.7.10
[07:40:47] [Server thread/INFO]: Generating keypair
[07:40:48] [Server thread/INFO]: Preparing start region for level 0
[07:40:49] [Server thread/INFO]: Changing view distance to 12, from 10
[07:40:50] [Server thread/INFO]: brandon3055[local:E:26b90ed8] logged in with entity id 6 at (296.341524609893, 18.845009388712157, 43.9232066286678)
[07:40:50] [Server thread/INFO]: brandon3055 joined the game
[07:40:55] [Server thread/WARN]: Can't keep up! Did the system time change, or is the server overloaded? Running 5414ms behind, skipping 108 tick(s)
[07:41:06] [Server thread/INFO]: [brandon3055: Toggled downfall]
[07:41:06] [Client thread/INFO]: [CHAT] Toggled downfall
[07:41:07] [Client thread/INFO]: [CHAT] /ttsch, /tt-schematic
[07:41:10] [Client thread/INFO]: [CHAT] For a full tutorial check out this video
[07:41:10] [Client thread/INFO]: [CHAT] http://youtu.be/3vpUF5-qJK8
[07:42:27] [Client thread/INFO]: [CHAT] For a full tutorial check out this video
[07:42:27] [Client thread/INFO]: [CHAT] http://youtu.be/3vpUF5-qJK8
[07:42:28] [Server thread/INFO]: Saving and pausing game...
[07:42:28] [Server thread/INFO]: Saving chunks for level 'Demmo'/Overworld
[07:42:28] [Server thread/INFO]: Saving chunks for level 'Demmo'/Nether
[07:42:28] [Server thread/INFO]: Saving chunks for level 'Demmo'/The End
[07:42:28] [Server thread/INFO]: Saving chunks for level 'Demmo'/Utumno
[07:42:28] [Server thread/INFO]: Saving chunks for level 'Demmo'/MiddleEarth
[07:48:00] [Client thread/INFO]: [CHAT] tutorial, create, delete, list, paste, block
[07:48:00] [Client thread/INFO]: [CHAT] Note this will open the following web page
[07:48:00] [Client thread/INFO]: [CHAT] http://youtu.be/3vpUF5-qJK8
[07:48:00] [Client thread/INFO]: [CHAT] To open the page run: /tt-schematic tutorial confirm
[07:48:30] [Client thread/INFO]: [CHAT] §lNote this will open the following web page
[07:48:30] [Client thread/INFO]: [CHAT] §9http://youtu.be/3vpUF5-qJK8
[07:48:30] [Client thread/INFO]: [CHAT] To open the page run: /tt-schematic tutorial confirm
[07:49:29] [Server thread/INFO]: Saving and pausing game...
[07:49:29] [Server thread/INFO]: Saving chunks for level 'Demmo'/Overworld
[07:49:29] [Server thread/INFO]: Saving chunks for level 'Demmo'/Nether
[07:49:29] [Server thread/INFO]: Saving chunks for level 'Demmo'/The End
[07:49:29] [Server thread/INFO]: Saving chunks for level 'Demmo'/Utumno
[07:49:29] [Server thread/INFO]: Saving chunks for level 'Demmo'/MiddleEarth
[07:51:25] [Server thread/INFO]: Saving and pausing game...
[07:51:25] [Server thread/INFO]: Saving chunks for level 'Demmo'/Overworld
[07:51:25] [Server thread/INFO]: Saving chunks for level 'Demmo'/Nether
[07:51:25] [Server thread/INFO]: Saving chunks for level 'Demmo'/The End
[07:51:25] [Server thread/INFO]: Saving chunks for level 'Demmo'/Utumno
[07:51:25] [Server thread/INFO]: Saving chunks for level 'Demmo'/MiddleEarth
[02:53:24] [main/INFO]: Setting user: brandon3055
[02:53:28] [Client thread/INFO]: LWJGL Version: 2.9.1
